<?xml version="1.0" encoding="UTF-8"?>
<testng-results skipped="0" failed="0" total="1" passed="1">
  <reporter-output>
  </reporter-output>
  <suite name="Default suite" duration-ms="29820" started-at="2015-12-28T19:28:08Z" finished-at="2015-12-28T19:28:38Z">
    <groups>
    </groups>
    <test name="Default test" duration-ms="29820" started-at="2015-12-28T19:28:08Z" finished-at="2015-12-28T19:28:38Z">
      <class name="com.EDR_Automation.EDR_Login">
        <test-method status="PASS" signature="login()[pri:0, instance:com.EDR_Automation.EDR_Login@1fbc7afb]" name="login" duration-ms="29165" started-at="2015-12-28T13:28:08Z" finished-at="2015-12-28T13:28:37Z">
          <reporter-output>
          </reporter-output>
        </test-method> <!-- login -->
        <test-method status="PASS" signature="afterTest()[pri:0, instance:com.EDR_Automation.EDR_Login@1fbc7afb]" name="afterTest" is-config="true" duration-ms="638" started-at="2015-12-28T13:28:37Z" finished-at="2015-12-28T13:28:38Z">
          <reporter-output>
          </reporter-output>
        </test-method> <!-- afterTest -->
      </class> <!-- com.EDR_Automation.EDR_Login -->
    </test> <!-- Default test -->
  </suite> <!-- Default suite -->
</testng-results>
